c:\users\manam.desktop-rtrtcm3\onedrive\デスクトップ\git\15hirota\2dlv1_2022_vs2019\gameprogramming\debug\vc142.pdb
c:\users\manam.desktop-rtrtcm3\onedrive\デスクトップ\git\15hirota\2dlv1_2022_vs2019\gameprogramming\debug\vc142.idb
c:\users\manam.desktop-rtrtcm3\onedrive\デスクトップ\git\15hirota\2dlv1_2022_vs2019\gameprogramming\debug\main.obj
c:\users\manam.desktop-rtrtcm3\onedrive\デスクトップ\git\15hirota\2dlv1_2022_vs2019\gameprogramming\debug\cui.obj
c:\users\manam.desktop-rtrtcm3\onedrive\デスクトップ\git\15hirota\2dlv1_2022_vs2019\gameprogramming\debug\cinput.obj
c:\users\manam.desktop-rtrtcm3\onedrive\デスクトップ\git\15hirota\2dlv1_2022_vs2019\gameprogramming\debug\ctexture.obj
c:\users\manam.desktop-rtrtcm3\onedrive\デスクトップ\git\15hirota\2dlv1_2022_vs2019\gameprogramming\debug\csound.obj
c:\users\manam.desktop-rtrtcm3\onedrive\デスクトップ\git\15hirota\2dlv1_2022_vs2019\gameprogramming\debug\crectangle.obj
c:\users\manam.desktop-rtrtcm3\onedrive\デスクトップ\git\15hirota\2dlv1_2022_vs2019\gameprogramming\debug\cpoint.obj
c:\users\manam.desktop-rtrtcm3\onedrive\デスクトップ\git\15hirota\2dlv1_2022_vs2019\gameprogramming\debug\cplayer2.obj
c:\users\manam.desktop-rtrtcm3\onedrive\デスクトップ\git\15hirota\2dlv1_2022_vs2019\gameprogramming\debug\cplayer.obj
c:\users\manam.desktop-rtrtcm3\onedrive\デスクトップ\git\15hirota\2dlv1_2022_vs2019\gameprogramming\debug\cgame.obj
c:\users\manam.desktop-rtrtcm3\onedrive\デスクトップ\git\15hirota\2dlv1_2022_vs2019\gameprogramming\debug\cfont.obj
c:\users\manam.desktop-rtrtcm3\onedrive\デスクトップ\git\15hirota\2dlv1_2022_vs2019\gameprogramming\debug\cenemy2.obj
c:\users\manam.desktop-rtrtcm3\onedrive\デスクトップ\git\15hirota\2dlv1_2022_vs2019\gameprogramming\debug\cenemy.obj
c:\users\manam.desktop-rtrtcm3\onedrive\デスクトップ\git\15hirota\2dlv1_2022_vs2019\gameprogramming\debug\cdokan.obj
c:\users\manam.desktop-rtrtcm3\onedrive\デスクトップ\git\15hirota\2dlv1_2022_vs2019\gameprogramming\debug\ccharactermanager.obj
c:\users\manam.desktop-rtrtcm3\onedrive\デスクトップ\git\15hirota\2dlv1_2022_vs2019\gameprogramming\debug\ccharacter.obj
c:\users\manam.desktop-rtrtcm3\onedrive\デスクトップ\git\15hirota\2dlv1_2022_vs2019\gameprogramming\debug\ccamera.obj
c:\users\manam.desktop-rtrtcm3\onedrive\デスクトップ\git\15hirota\2dlv1_2022_vs2019\gameprogramming\debug\cbullet.obj
c:\users\manam.desktop-rtrtcm3\onedrive\デスクトップ\git\15hirota\2dlv1_2022_vs2019\gameprogramming\debug\cblock.obj
c:\users\manam.desktop-rtrtcm3\onedrive\デスクトップ\git\15hirota\2dlv1_2022_vs2019\gameprogramming\debug\capplication.obj
c:\users\manam.desktop-rtrtcm3\onedrive\デスクトップ\git\15hirota\2dlv1_2022_vs2019\debug\gameprogramming.pdb
c:\users\manam.desktop-rtrtcm3\onedrive\デスクトップ\git\15hirota\2dlv1_2022_vs2019\gameprogramming\debug\gameprogramming.tlog\cl.command.1.tlog
c:\users\manam.desktop-rtrtcm3\onedrive\デスクトップ\git\15hirota\2dlv1_2022_vs2019\gameprogramming\debug\gameprogramming.tlog\cl.read.1.tlog
c:\users\manam.desktop-rtrtcm3\onedrive\デスクトップ\git\15hirota\2dlv1_2022_vs2019\gameprogramming\debug\gameprogramming.tlog\cl.write.1.tlog
c:\users\manam.desktop-rtrtcm3\onedrive\デスクトップ\git\15hirota\2dlv1_2022_vs2019\gameprogramming\debug\gameprogramming.tlog\link-cvtres.read.1.tlog
c:\users\manam.desktop-rtrtcm3\onedrive\デスクトップ\git\15hirota\2dlv1_2022_vs2019\gameprogramming\debug\gameprogramming.tlog\link-cvtres.write.1.tlog
c:\users\manam.desktop-rtrtcm3\onedrive\デスクトップ\git\15hirota\2dlv1_2022_vs2019\gameprogramming\debug\gameprogramming.tlog\link-rc.read.1.tlog
c:\users\manam.desktop-rtrtcm3\onedrive\デスクトップ\git\15hirota\2dlv1_2022_vs2019\gameprogramming\debug\gameprogramming.tlog\link-rc.write.1.tlog
c:\users\manam.desktop-rtrtcm3\onedrive\デスクトップ\git\15hirota\2dlv1_2022_vs2019\gameprogramming\debug\gameprogramming.tlog\link.command.1.tlog
c:\users\manam.desktop-rtrtcm3\onedrive\デスクトップ\git\15hirota\2dlv1_2022_vs2019\gameprogramming\debug\gameprogramming.tlog\link.read.1.tlog
c:\users\manam.desktop-rtrtcm3\onedrive\デスクトップ\git\15hirota\2dlv1_2022_vs2019\gameprogramming\debug\gameprogramming.tlog\link.write.1.tlog
