c:\users\manam.desktop-rtrtcm3\onedrive\デスクトップ\git\15hirota\3dlv2_2023_vs2019_game\project\3dlv2_2023_vs2019_00\gameprogramming\debug\vc142.pdb
c:\users\manam.desktop-rtrtcm3\onedrive\デスクトップ\git\15hirota\3dlv2_2023_vs2019_game\project\3dlv2_2023_vs2019_00\gameprogramming\debug\vc142.idb
c:\users\manam.desktop-rtrtcm3\onedrive\デスクトップ\git\15hirota\3dlv2_2023_vs2019_game\project\3dlv2_2023_vs2019_00\gameprogramming\debug\cfont.obj
c:\users\manam.desktop-rtrtcm3\onedrive\デスクトップ\git\15hirota\3dlv2_2023_vs2019_game\project\3dlv2_2023_vs2019_00\gameprogramming\debug\cfield.obj
c:\users\manam.desktop-rtrtcm3\onedrive\デスクトップ\git\15hirota\3dlv2_2023_vs2019_game\project\3dlv2_2023_vs2019_00\gameprogramming\debug\cenemymanager.obj
c:\users\manam.desktop-rtrtcm3\onedrive\デスクトップ\git\15hirota\3dlv2_2023_vs2019_game\project\3dlv2_2023_vs2019_00\gameprogramming\debug\cenemy2.obj
c:\users\manam.desktop-rtrtcm3\onedrive\デスクトップ\git\15hirota\3dlv2_2023_vs2019_game\project\3dlv2_2023_vs2019_00\gameprogramming\debug\cenemy.obj
c:\users\manam.desktop-rtrtcm3\onedrive\デスクトップ\git\15hirota\3dlv2_2023_vs2019_game\project\3dlv2_2023_vs2019_00\gameprogramming\debug\ceffect.obj
c:\users\manam.desktop-rtrtcm3\onedrive\デスクトップ\git\15hirota\3dlv2_2023_vs2019_game\project\3dlv2_2023_vs2019_00\gameprogramming\debug\ccollisionmanager.obj
c:\users\manam.desktop-rtrtcm3\onedrive\デスクトップ\git\15hirota\3dlv2_2023_vs2019_game\project\3dlv2_2023_vs2019_00\gameprogramming\debug\ccollidertriangle.obj
c:\users\manam.desktop-rtrtcm3\onedrive\デスクトップ\git\15hirota\3dlv2_2023_vs2019_game\project\3dlv2_2023_vs2019_00\gameprogramming\debug\ccollidermesh.obj
c:\users\manam.desktop-rtrtcm3\onedrive\デスクトップ\git\15hirota\3dlv2_2023_vs2019_game\project\3dlv2_2023_vs2019_00\gameprogramming\debug\ccolliderline.obj
c:\users\manam.desktop-rtrtcm3\onedrive\デスクトップ\git\15hirota\3dlv2_2023_vs2019_game\project\3dlv2_2023_vs2019_00\gameprogramming\debug\ccollider.obj
c:\users\manam.desktop-rtrtcm3\onedrive\デスクトップ\git\15hirota\3dlv2_2023_vs2019_game\project\3dlv2_2023_vs2019_00\gameprogramming\debug\ccharactermanager.obj
c:\users\manam.desktop-rtrtcm3\onedrive\デスクトップ\git\15hirota\3dlv2_2023_vs2019_game\project\3dlv2_2023_vs2019_00\gameprogramming\debug\ccharacter3.obj
c:\users\manam.desktop-rtrtcm3\onedrive\デスクトップ\git\15hirota\3dlv2_2023_vs2019_game\project\3dlv2_2023_vs2019_00\gameprogramming\debug\ccharacter.obj
c:\users\manam.desktop-rtrtcm3\onedrive\デスクトップ\git\15hirota\3dlv2_2023_vs2019_game\project\3dlv2_2023_vs2019_00\gameprogramming\debug\ccamera.obj
c:\users\manam.desktop-rtrtcm3\onedrive\デスクトップ\git\15hirota\3dlv2_2023_vs2019_game\project\3dlv2_2023_vs2019_00\gameprogramming\debug\cbullet.obj
c:\users\manam.desktop-rtrtcm3\onedrive\デスクトップ\git\15hirota\3dlv2_2023_vs2019_game\project\3dlv2_2023_vs2019_00\gameprogramming\debug\cblock.obj
c:\users\manam.desktop-rtrtcm3\onedrive\デスクトップ\git\15hirota\3dlv2_2023_vs2019_game\project\3dlv2_2023_vs2019_00\gameprogramming\debug\cbillboard.obj
c:\users\manam.desktop-rtrtcm3\onedrive\デスクトップ\git\15hirota\3dlv2_2023_vs2019_game\project\3dlv2_2023_vs2019_00\gameprogramming\debug\capplication.obj
c:\users\manam.desktop-rtrtcm3\onedrive\デスクトップ\git\15hirota\3dlv2_2023_vs2019_game\project\3dlv2_2023_vs2019_00\gameprogramming\debug\calien.obj
c:\users\manam.desktop-rtrtcm3\onedrive\デスクトップ\git\15hirota\3dlv2_2023_vs2019_game\project\3dlv2_2023_vs2019_00\gameprogramming\debug\cinput.obj
c:\users\manam.desktop-rtrtcm3\onedrive\デスクトップ\git\15hirota\3dlv2_2023_vs2019_game\project\3dlv2_2023_vs2019_00\gameprogramming\debug\ctexture.obj
c:\users\manam.desktop-rtrtcm3\onedrive\デスクトップ\git\15hirota\3dlv2_2023_vs2019_game\project\3dlv2_2023_vs2019_00\gameprogramming\debug\ctaskmanager.obj
c:\users\manam.desktop-rtrtcm3\onedrive\デスクトップ\git\15hirota\3dlv2_2023_vs2019_game\project\3dlv2_2023_vs2019_00\gameprogramming\debug\ctask.obj
c:\users\manam.desktop-rtrtcm3\onedrive\デスクトップ\git\15hirota\3dlv2_2023_vs2019_game\project\3dlv2_2023_vs2019_00\gameprogramming\debug\csound.obj
c:\users\manam.desktop-rtrtcm3\onedrive\デスクトップ\git\15hirota\3dlv2_2023_vs2019_game\project\3dlv2_2023_vs2019_00\gameprogramming\debug\cscenemanager.obj
c:\users\manam.desktop-rtrtcm3\onedrive\デスクトップ\git\15hirota\3dlv2_2023_vs2019_game\project\3dlv2_2023_vs2019_00\gameprogramming\debug\cscenebase.obj
c:\users\manam.desktop-rtrtcm3\onedrive\デスクトップ\git\15hirota\3dlv2_2023_vs2019_game\project\3dlv2_2023_vs2019_00\gameprogramming\debug\crectangle.obj
c:\users\manam.desktop-rtrtcm3\onedrive\デスクトップ\git\15hirota\3dlv2_2023_vs2019_game\project\3dlv2_2023_vs2019_00\gameprogramming\debug\cpoint.obj
c:\users\manam.desktop-rtrtcm3\onedrive\デスクトップ\git\15hirota\3dlv2_2023_vs2019_game\project\3dlv2_2023_vs2019_00\gameprogramming\debug\cplayer2.obj
c:\users\manam.desktop-rtrtcm3\onedrive\デスクトップ\git\15hirota\3dlv2_2023_vs2019_game\project\3dlv2_2023_vs2019_00\gameprogramming\debug\cmodel.obj
c:\users\manam.desktop-rtrtcm3\onedrive\デスクトップ\git\15hirota\3dlv2_2023_vs2019_game\project\3dlv2_2023_vs2019_00\gameprogramming\debug\cmatrix.obj
c:\users\manam.desktop-rtrtcm3\onedrive\デスクトップ\git\15hirota\3dlv2_2023_vs2019_game\project\3dlv2_2023_vs2019_00\gameprogramming\debug\cmaterial.obj
c:\users\manam.desktop-rtrtcm3\onedrive\デスクトップ\git\15hirota\3dlv2_2023_vs2019_game\project\3dlv2_2023_vs2019_00\gameprogramming\debug\citem1.obj
c:\users\manam.desktop-rtrtcm3\onedrive\デスクトップ\git\15hirota\3dlv2_2023_vs2019_game\project\3dlv2_2023_vs2019_00\gameprogramming\debug\cimage.obj
c:\users\manam.desktop-rtrtcm3\onedrive\デスクトップ\git\15hirota\3dlv2_2023_vs2019_game\project\3dlv2_2023_vs2019_00\gameprogramming\debug\cgame.obj
c:\users\manam.desktop-rtrtcm3\onedrive\デスクトップ\git\15hirota\3dlv2_2023_vs2019_game\project\3dlv2_2023_vs2019_00\gameprogramming\debug\main.obj
c:\users\manam.desktop-rtrtcm3\onedrive\デスクトップ\git\15hirota\3dlv2_2023_vs2019_game\project\3dlv2_2023_vs2019_00\gameprogramming\debug\gamepause.obj
c:\users\manam.desktop-rtrtcm3\onedrive\デスクトップ\git\15hirota\3dlv2_2023_vs2019_game\project\3dlv2_2023_vs2019_00\gameprogramming\debug\cweapon.obj
c:\users\manam.desktop-rtrtcm3\onedrive\デスクトップ\git\15hirota\3dlv2_2023_vs2019_game\project\3dlv2_2023_vs2019_00\gameprogramming\debug\cvector.obj
c:\users\manam.desktop-rtrtcm3\onedrive\デスクトップ\git\15hirota\3dlv2_2023_vs2019_game\project\3dlv2_2023_vs2019_00\gameprogramming\debug\cui.obj
c:\users\manam.desktop-rtrtcm3\onedrive\デスクトップ\git\15hirota\3dlv2_2023_vs2019_game\project\3dlv2_2023_vs2019_00\gameprogramming\debug\ctriangle.obj
c:\users\manam.desktop-rtrtcm3\onedrive\デスクトップ\git\15hirota\3dlv2_2023_vs2019_game\project\3dlv2_2023_vs2019_00\gameprogramming\debug\ctransform.obj
c:\users\manam.desktop-rtrtcm3\onedrive\デスクトップ\git\15hirota\3dlv2_2023_vs2019_game\project\3dlv2_2023_vs2019_00\gameprogramming\debug\ctitlescene.obj
c:\users\manam.desktop-rtrtcm3\onedrive\デスクトップ\git\15hirota\3dlv2_2023_vs2019_game\project\3dlv2_2023_vs2019_00\gameprogramming\debug\csikakugimmick.obj
c:\users\manam.desktop-rtrtcm3\onedrive\デスクトップ\git\15hirota\3dlv2_2023_vs2019_game\project\3dlv2_2023_vs2019_00\gameprogramming\debug\csikaku.obj
c:\users\manam.desktop-rtrtcm3\onedrive\デスクトップ\git\15hirota\3dlv2_2023_vs2019_game\project\3dlv2_2023_vs2019_00\gameprogramming\debug\cplayer.obj
c:\users\manam.desktop-rtrtcm3\onedrive\デスクトップ\git\15hirota\3dlv2_2023_vs2019_game\project\3dlv2_2023_vs2019_00\gameprogramming\debug\cgamescene.obj
c:\users\manam.desktop-rtrtcm3\onedrive\デスクトップ\git\15hirota\3dlv2_2023_vs2019_game\project\3dlv2_2023_vs2019_00\debug\gameprogramming.exe
c:\users\manam.desktop-rtrtcm3\onedrive\デスクトップ\git\15hirota\3dlv2_2023_vs2019_game\project\3dlv2_2023_vs2019_00\debug\gameprogramming.ilk
c:\users\manam.desktop-rtrtcm3\onedrive\デスクトップ\git\15hirota\3dlv2_2023_vs2019_game\project\3dlv2_2023_vs2019_00\debug\gameprogramming.pdb
c:\users\manam.desktop-rtrtcm3\onedrive\デスクトップ\git\15hirota\3dlv2_2023_vs2019_game\project\3dlv2_2023_vs2019_00\gameprogramming\debug\gameprogramming.tlog\cl.command.1.tlog
c:\users\manam.desktop-rtrtcm3\onedrive\デスクトップ\git\15hirota\3dlv2_2023_vs2019_game\project\3dlv2_2023_vs2019_00\gameprogramming\debug\gameprogramming.tlog\cl.read.1.tlog
c:\users\manam.desktop-rtrtcm3\onedrive\デスクトップ\git\15hirota\3dlv2_2023_vs2019_game\project\3dlv2_2023_vs2019_00\gameprogramming\debug\gameprogramming.tlog\cl.write.1.tlog
c:\users\manam.desktop-rtrtcm3\onedrive\デスクトップ\git\15hirota\3dlv2_2023_vs2019_game\project\3dlv2_2023_vs2019_00\gameprogramming\debug\gameprogramming.tlog\link.command.1.tlog
c:\users\manam.desktop-rtrtcm3\onedrive\デスクトップ\git\15hirota\3dlv2_2023_vs2019_game\project\3dlv2_2023_vs2019_00\gameprogramming\debug\gameprogramming.tlog\link.read.1.tlog
c:\users\manam.desktop-rtrtcm3\onedrive\デスクトップ\git\15hirota\3dlv2_2023_vs2019_game\project\3dlv2_2023_vs2019_00\gameprogramming\debug\gameprogramming.tlog\link.write.1.tlog
