  CAlien.cpp
C:\Users\Manam.DESKTOP-RTRTCM3\OneDrive\デスクトップ\Git\15Hirota\3DLv2_2023_vs2019_Game\Project\3DLv2_2023_vs2019_00\GameProgramming\src\CAlien.cpp(10,1): warning C4005: 'VELOCITY': マクロが再定義されました。
C:\Users\Manam.DESKTOP-RTRTCM3\OneDrive\デスクトップ\Git\15Hirota\3DLv2_2023_vs2019_Game\Project\3DLv2_2023_vs2019_00\GameProgramming\src\CCharacter.h(6): message : 'VELOCITY' の以前の定義を確認してください
  CApplication.cpp
  CBillBoard.cpp
  CCharacter3.cpp
  CEnemy2.cpp
  CGame.cpp
  CGameScene.cpp
  CItem1.cpp
C:\Users\Manam.DESKTOP-RTRTCM3\OneDrive\デスクトップ\Git\15Hirota\3DLv2_2023_vs2019_Game\Project\3DLv2_2023_vs2019_00\GameProgramming\src\CItem1.cpp(9,1): warning C4005: 'VELOCITY': マクロが再定義されました。
C:\Users\Manam.DESKTOP-RTRTCM3\OneDrive\デスクトップ\Git\15Hirota\3DLv2_2023_vs2019_Game\Project\3DLv2_2023_vs2019_00\GameProgramming\src\CCharacter.h(6): message : 'VELOCITY' の以前の定義を確認してください
  CPlayer.cpp
C:\Users\Manam.DESKTOP-RTRTCM3\OneDrive\デスクトップ\Git\15Hirota\3DLv2_2023_vs2019_Game\Project\3DLv2_2023_vs2019_00\GameProgramming\src\CPlayer.cpp(22,1): warning C4005: 'VELOCITY': マクロが再定義されました。
C:\Users\Manam.DESKTOP-RTRTCM3\OneDrive\デスクトップ\Git\15Hirota\3DLv2_2023_vs2019_Game\Project\3DLv2_2023_vs2019_00\GameProgramming\src\CCharacter.h(6): message : 'VELOCITY' の以前の定義を確認してください
C:\Users\Manam.DESKTOP-RTRTCM3\OneDrive\デスクトップ\Git\15Hirota\3DLv2_2023_vs2019_Game\Project\3DLv2_2023_vs2019_00\GameProgramming\src\CPlayer.cpp(144,21): warning C4018: '<': signed と unsigned の数値を比較しようとしました。
  CPlayer2.cpp
C:\Users\Manam.DESKTOP-RTRTCM3\OneDrive\デスクトップ\Git\15Hirota\3DLv2_2023_vs2019_Game\Project\3DLv2_2023_vs2019_00\GameProgramming\src\CPlayer2.cpp(12,1): warning C4005: 'VELOCITY': マクロが再定義されました。
C:\Users\Manam.DESKTOP-RTRTCM3\OneDrive\デスクトップ\Git\15Hirota\3DLv2_2023_vs2019_Game\Project\3DLv2_2023_vs2019_00\GameProgramming\src\CCharacter.h(6): message : 'VELOCITY' の以前の定義を確認してください
  CSikakuGimmick.cpp
C:\Users\Manam.DESKTOP-RTRTCM3\OneDrive\デスクトップ\Git\15Hirota\3DLv2_2023_vs2019_Game\Project\3DLv2_2023_vs2019_00\GameProgramming\src\CSikakuGimmick.cpp(44,20): warning C4018: '<': signed と unsigned の数値を比較しようとしました。
C:\Users\Manam.DESKTOP-RTRTCM3\OneDrive\デスクトップ\Git\15Hirota\3DLv2_2023_vs2019_Game\Project\3DLv2_2023_vs2019_00\GameProgramming\src\CSikakuGimmick.cpp(82,20): warning C4018: '<': signed と unsigned の数値を比較しようとしました。
C:\Users\Manam.DESKTOP-RTRTCM3\OneDrive\デスクトップ\Git\15Hirota\3DLv2_2023_vs2019_Game\Project\3DLv2_2023_vs2019_00\GameProgramming\src\CSikakuGimmick.cpp(97,21): warning C4018: '<': signed と unsigned の数値を比較しようとしました。
C:\Users\Manam.DESKTOP-RTRTCM3\OneDrive\デスクトップ\Git\15Hirota\3DLv2_2023_vs2019_Game\Project\3DLv2_2023_vs2019_00\GameProgramming\src\CSikakuGimmick.cpp(121,20): warning C4018: '<': signed と unsigned の数値を比較しようとしました。
  CWeapon.cpp
C:\Users\Manam.DESKTOP-RTRTCM3\OneDrive\デスクトップ\Git\15Hirota\3DLv2_2023_vs2019_Game\Project\3DLv2_2023_vs2019_00\GameProgramming\src\CWeapon.cpp(7,1): warning C4005: 'VELOCITY': マクロが再定義されました。
C:\Users\Manam.DESKTOP-RTRTCM3\OneDrive\デスクトップ\Git\15Hirota\3DLv2_2023_vs2019_Game\Project\3DLv2_2023_vs2019_00\GameProgramming\src\CCharacter.h(6): message : 'VELOCITY' の以前の定義を確認してください
  コードを生成中...
  GameProgramming.vcxproj -> C:\Users\Manam.DESKTOP-RTRTCM3\OneDrive\デスクトップ\Git\15Hirota\3DLv2_2023_vs2019_Game\Project\3DLv2_2023_vs2019_00\Debug\GameProgramming.exe
