  CApplication.cpp
  CBillBoard.cpp
  CBullet.cpp
  CCharacter3.cpp
  CCollider.cpp
  CColliderMesh.cpp
  CColliderTriangle.cpp
  CCollisionManager.cpp
  CEffect.cpp
  CEnemy3.cpp
  CMatrix.cpp
C:\Users\Manam.DESKTOP-RTRTCM3\OneDrive\デスクトップ\Git\15Hirota\3DLv2_2023_vs2019_00\3DLv2_2023_vs2019_00\GameProgramming\src\CMatrix.cpp(15,12): warning C4244: '初期化中': 'double' から 'float' への変換です。データが失われる可能性があります。
C:\Users\Manam.DESKTOP-RTRTCM3\OneDrive\デスクトップ\Git\15Hirota\3DLv2_2023_vs2019_00\3DLv2_2023_vs2019_00\GameProgramming\src\CMatrix.cpp(31,12): warning C4244: '初期化中': 'double' から 'float' への変換です。データが失われる可能性があります。
C:\Users\Manam.DESKTOP-RTRTCM3\OneDrive\デスクトップ\Git\15Hirota\3DLv2_2023_vs2019_00\3DLv2_2023_vs2019_00\GameProgramming\src\CMatrix.cpp(45,12): warning C4244: '初期化中': 'double' から 'float' への変換です。データが失われる可能性があります。
  CModel.cpp
C:\Users\Manam.DESKTOP-RTRTCM3\OneDrive\デスクトップ\Git\15Hirota\3DLv2_2023_vs2019_00\3DLv2_2023_vs2019_00\GameProgramming\src\CModel.cpp(249,20): warning C4018: '<': signed と unsigned の数値を比較しようとしました。
C:\Users\Manam.DESKTOP-RTRTCM3\OneDrive\デスクトップ\Git\15Hirota\3DLv2_2023_vs2019_00\3DLv2_2023_vs2019_00\GameProgramming\src\CModel.cpp(261,20): warning C4018: '<': signed と unsigned の数値を比較しようとしました。
C:\Users\Manam.DESKTOP-RTRTCM3\OneDrive\デスクトップ\Git\15Hirota\3DLv2_2023_vs2019_00\3DLv2_2023_vs2019_00\GameProgramming\src\CModel.cpp(314,20): warning C4018: '<': signed と unsigned の数値を比較しようとしました。
C:\Users\Manam.DESKTOP-RTRTCM3\OneDrive\デスクトップ\Git\15Hirota\3DLv2_2023_vs2019_00\3DLv2_2023_vs2019_00\GameProgramming\src\CModel.cpp(316,21): warning C4018: '<': signed と unsigned の数値を比較しようとしました。
  CModelX.cpp
  CPlayer.cpp
  CTransform.cpp
  CTriangle.cpp
  CVector.cpp
  main.cpp
  コードを生成中...
  GameProgramming.vcxproj -> C:\Users\Manam.DESKTOP-RTRTCM3\OneDrive\デスクトップ\Git\15Hirota\3DLv2_2023_vs2019_00\3DLv2_2023_vs2019_00\Debug\GameProgramming.exe
