c:\users\manam.desktop-rtrtcm3\onedrive\デスクトップ\git\15hirota\3dlv3_2023_vs2019\project\baseproject\baseproject\release\vc142.pdb
c:\users\manam.desktop-rtrtcm3\onedrive\デスクトップ\git\15hirota\3dlv3_2023_vs2019\project\baseproject\baseproject\release\cfade.obj
c:\users\manam.desktop-rtrtcm3\onedrive\デスクトップ\git\15hirota\3dlv3_2023_vs2019\project\baseproject\baseproject\release\ceffect.obj
c:\users\manam.desktop-rtrtcm3\onedrive\デスクトップ\git\15hirota\3dlv3_2023_vs2019\project\baseproject\baseproject\release\cdebugtimer.obj
c:\users\manam.desktop-rtrtcm3\onedrive\デスクトップ\git\15hirota\3dlv3_2023_vs2019\project\baseproject\baseproject\release\cdebugprofiler.obj
c:\users\manam.desktop-rtrtcm3\onedrive\デスクトップ\git\15hirota\3dlv3_2023_vs2019\project\baseproject\baseproject\release\cdebugprint.obj
c:\users\manam.desktop-rtrtcm3\onedrive\デスクトップ\git\15hirota\3dlv3_2023_vs2019\project\baseproject\baseproject\release\cdebuginput.obj
c:\users\manam.desktop-rtrtcm3\onedrive\デスクトップ\git\15hirota\3dlv3_2023_vs2019\project\baseproject\baseproject\release\cdebugcamera.obj
c:\users\manam.desktop-rtrtcm3\onedrive\デスクトップ\git\15hirota\3dlv3_2023_vs2019\project\baseproject\baseproject\release\ccolor.obj
c:\users\manam.desktop-rtrtcm3\onedrive\デスクトップ\git\15hirota\3dlv3_2023_vs2019\project\baseproject\baseproject\release\ccollisionmanager.obj
c:\users\manam.desktop-rtrtcm3\onedrive\デスクトップ\git\15hirota\3dlv3_2023_vs2019\project\baseproject\baseproject\release\ccollidertriangle.obj
c:\users\manam.desktop-rtrtcm3\onedrive\デスクトップ\git\15hirota\3dlv3_2023_vs2019\project\baseproject\baseproject\release\ccollidersphere.obj
c:\users\manam.desktop-rtrtcm3\onedrive\デスクトップ\git\15hirota\3dlv3_2023_vs2019\project\baseproject\baseproject\release\ccollidermesh.obj
c:\users\manam.desktop-rtrtcm3\onedrive\デスクトップ\git\15hirota\3dlv3_2023_vs2019\project\baseproject\baseproject\release\ccolliderline.obj
c:\users\manam.desktop-rtrtcm3\onedrive\デスクトップ\git\15hirota\3dlv3_2023_vs2019\project\baseproject\baseproject\release\ccollider.obj
c:\users\manam.desktop-rtrtcm3\onedrive\デスクトップ\git\15hirota\3dlv3_2023_vs2019\project\baseproject\baseproject\release\ccamera.obj
c:\users\manam.desktop-rtrtcm3\onedrive\デスクトップ\git\15hirota\3dlv3_2023_vs2019\project\baseproject\baseproject\release\cbulleteffect.obj
c:\users\manam.desktop-rtrtcm3\onedrive\デスクトップ\git\15hirota\3dlv3_2023_vs2019\project\baseproject\baseproject\release\cbillboardimage.obj
c:\users\manam.desktop-rtrtcm3\onedrive\デスクトップ\git\15hirota\3dlv3_2023_vs2019\project\baseproject\baseproject\release\cbillboard.obj
c:\users\manam.desktop-rtrtcm3\onedrive\デスクトップ\git\15hirota\3dlv3_2023_vs2019\project\baseproject\baseproject\release\cbgmmanager.obj
c:\users\manam.desktop-rtrtcm3\onedrive\デスクトップ\git\15hirota\3dlv3_2023_vs2019\project\baseproject\baseproject\release\cbgmdata.obj
c:\users\manam.desktop-rtrtcm3\onedrive\デスクトップ\git\15hirota\3dlv3_2023_vs2019\project\baseproject\baseproject\release\csoundmanager.obj
c:\users\manam.desktop-rtrtcm3\onedrive\デスクトップ\git\15hirota\3dlv3_2023_vs2019\project\baseproject\baseproject\release\csound.obj
c:\users\manam.desktop-rtrtcm3\onedrive\デスクトップ\git\15hirota\3dlv3_2023_vs2019\project\baseproject\baseproject\release\csignboardpause.obj
c:\users\manam.desktop-rtrtcm3\onedrive\デスクトップ\git\15hirota\3dlv3_2023_vs2019\project\baseproject\baseproject\release\cshader.obj
c:\users\manam.desktop-rtrtcm3\onedrive\デスクトップ\git\15hirota\3dlv3_2023_vs2019\project\baseproject\baseproject\release\cscenemanager.obj
c:\users\manam.desktop-rtrtcm3\onedrive\デスクトップ\git\15hirota\3dlv3_2023_vs2019\project\baseproject\baseproject\release\cscenebase.obj
c:\users\manam.desktop-rtrtcm3\onedrive\デスクトップ\git\15hirota\3dlv3_2023_vs2019\project\baseproject\baseproject\release\cresourcemanager.obj
c:\users\manam.desktop-rtrtcm3\onedrive\デスクトップ\git\15hirota\3dlv3_2023_vs2019\project\baseproject\baseproject\release\cresource.obj
c:\users\manam.desktop-rtrtcm3\onedrive\デスクトップ\git\15hirota\3dlv3_2023_vs2019\project\baseproject\baseproject\release\crect.obj
c:\users\manam.desktop-rtrtcm3\onedrive\デスクトップ\git\15hirota\3dlv3_2023_vs2019\project\baseproject\baseproject\release\cquaternion.obj
c:\users\manam.desktop-rtrtcm3\onedrive\デスクトップ\git\15hirota\3dlv3_2023_vs2019\project\baseproject\baseproject\release\cmyshader.obj
c:\users\manam.desktop-rtrtcm3\onedrive\デスクトップ\git\15hirota\3dlv3_2023_vs2019\project\baseproject\baseproject\release\cmodelx.obj
c:\users\manam.desktop-rtrtcm3\onedrive\デスクトップ\git\15hirota\3dlv3_2023_vs2019\project\baseproject\baseproject\release\cmodel.obj
c:\users\manam.desktop-rtrtcm3\onedrive\デスクトップ\git\15hirota\3dlv3_2023_vs2019\project\baseproject\baseproject\release\cmatrix.obj
c:\users\manam.desktop-rtrtcm3\onedrive\デスクトップ\git\15hirota\3dlv3_2023_vs2019\project\baseproject\baseproject\release\cmaterial.obj
c:\users\manam.desktop-rtrtcm3\onedrive\デスクトップ\git\15hirota\3dlv3_2023_vs2019\project\baseproject\baseproject\release\clineeffect.obj
c:\users\manam.desktop-rtrtcm3\onedrive\デスクトップ\git\15hirota\3dlv3_2023_vs2019\project\baseproject\baseproject\release\cinput.obj
c:\users\manam.desktop-rtrtcm3\onedrive\デスクトップ\git\15hirota\3dlv3_2023_vs2019\project\baseproject\baseproject\release\cgamepause.obj
c:\users\manam.desktop-rtrtcm3\onedrive\デスクトップ\git\15hirota\3dlv3_2023_vs2019\project\baseproject\baseproject\release\ccharabase.obj
c:\users\manam.desktop-rtrtcm3\onedrive\デスクトップ\git\15hirota\3dlv3_2023_vs2019\project\baseproject\baseproject\release\cfont.obj
c:\users\manam.desktop-rtrtcm3\onedrive\デスクトップ\git\15hirota\3dlv3_2023_vs2019\project\baseproject\baseproject\release\cfallingobjects.obj
c:\users\manam.desktop-rtrtcm3\onedrive\デスクトップ\git\15hirota\3dlv3_2023_vs2019\project\baseproject\baseproject\release\cexclamationmark.obj
c:\users\manam.desktop-rtrtcm3\onedrive\デスクトップ\git\15hirota\3dlv3_2023_vs2019\project\baseproject\baseproject\release\cenemymanager.obj
c:\users\manam.desktop-rtrtcm3\onedrive\デスクトップ\git\15hirota\3dlv3_2023_vs2019\project\baseproject\baseproject\release\cenemy.obj
c:\users\manam.desktop-rtrtcm3\onedrive\デスクトップ\git\15hirota\3dlv3_2023_vs2019\project\baseproject\baseproject\release\cclearscene.obj
c:\users\manam.desktop-rtrtcm3\onedrive\デスクトップ\git\15hirota\3dlv3_2023_vs2019\project\baseproject\baseproject\release\cbullet.obj
c:\users\manam.desktop-rtrtcm3\onedrive\デスクトップ\git\15hirota\3dlv3_2023_vs2019\project\baseproject\baseproject\release\capplication.obj
c:\users\manam.desktop-rtrtcm3\onedrive\デスクトップ\git\15hirota\3dlv3_2023_vs2019\project\baseproject\baseproject\release\cappearfloor.obj
c:\users\manam.desktop-rtrtcm3\onedrive\デスクトップ\git\15hirota\3dlv3_2023_vs2019\project\baseproject\baseproject\release\maths.obj
c:\users\manam.desktop-rtrtcm3\onedrive\デスクトップ\git\15hirota\3dlv3_2023_vs2019\project\baseproject\baseproject\release\cobjectbase.obj
c:\users\manam.desktop-rtrtcm3\onedrive\デスクトップ\git\15hirota\3dlv3_2023_vs2019\project\baseproject\baseproject\release\cvector.obj
c:\users\manam.desktop-rtrtcm3\onedrive\デスクトップ\git\15hirota\3dlv3_2023_vs2019\project\baseproject\baseproject\release\cuibase.obj
c:\users\manam.desktop-rtrtcm3\onedrive\デスクトップ\git\15hirota\3dlv3_2023_vs2019\project\baseproject\baseproject\release\ctriangle.obj
c:\users\manam.desktop-rtrtcm3\onedrive\デスクトップ\git\15hirota\3dlv3_2023_vs2019\project\baseproject\baseproject\release\ctransform.obj
c:\users\manam.desktop-rtrtcm3\onedrive\デスクトップ\git\15hirota\3dlv3_2023_vs2019\project\baseproject\baseproject\release\ctraileffect.obj
c:\users\manam.desktop-rtrtcm3\onedrive\デスクトップ\git\15hirota\3dlv3_2023_vs2019\project\baseproject\baseproject\release\ctexturefont.obj
c:\users\manam.desktop-rtrtcm3\onedrive\デスクトップ\git\15hirota\3dlv3_2023_vs2019\project\baseproject\baseproject\release\ctexture.obj
c:\users\manam.desktop-rtrtcm3\onedrive\デスクトップ\git\15hirota\3dlv3_2023_vs2019\project\baseproject\baseproject\release\ctext.obj
c:\users\manam.desktop-rtrtcm3\onedrive\デスクトップ\git\15hirota\3dlv3_2023_vs2019\project\baseproject\baseproject\release\ctaskmanager.obj
c:\users\manam.desktop-rtrtcm3\onedrive\デスクトップ\git\15hirota\3dlv3_2023_vs2019\project\baseproject\baseproject\release\ctask.obj
c:\users\manam.desktop-rtrtcm3\onedrive\デスクトップ\git\15hirota\3dlv3_2023_vs2019\project\baseproject\baseproject\release\cweaponenemy.obj
c:\users\manam.desktop-rtrtcm3\onedrive\デスクトップ\git\15hirota\3dlv3_2023_vs2019\project\baseproject\baseproject\release\cvanguard.obj
c:\users\manam.desktop-rtrtcm3\onedrive\デスクトップ\git\15hirota\3dlv3_2023_vs2019\project\baseproject\baseproject\release\cstagemanager.obj
c:\users\manam.desktop-rtrtcm3\onedrive\デスクトップ\git\15hirota\3dlv3_2023_vs2019\project\baseproject\baseproject\release\cstagebase.obj
c:\users\manam.desktop-rtrtcm3\onedrive\デスクトップ\git\15hirota\3dlv3_2023_vs2019\project\baseproject\baseproject\release\cstage2.obj
c:\users\manam.desktop-rtrtcm3\onedrive\デスクトップ\git\15hirota\3dlv3_2023_vs2019\project\baseproject\baseproject\release\cstage1.obj
c:\users\manam.desktop-rtrtcm3\onedrive\デスクトップ\git\15hirota\3dlv3_2023_vs2019\project\baseproject\baseproject\release\csignboardui.obj
c:\users\manam.desktop-rtrtcm3\onedrive\デスクトップ\git\15hirota\3dlv3_2023_vs2019\project\baseproject\baseproject\release\csignboard.obj
c:\users\manam.desktop-rtrtcm3\onedrive\デスクトップ\git\15hirota\3dlv3_2023_vs2019\project\baseproject\baseproject\release\crisingobject.obj
c:\users\manam.desktop-rtrtcm3\onedrive\デスクトップ\git\15hirota\3dlv3_2023_vs2019\project\baseproject\baseproject\release\crengablock.obj
c:\users\manam.desktop-rtrtcm3\onedrive\デスクトップ\git\15hirota\3dlv3_2023_vs2019\project\baseproject\baseproject\release\crecoveryobject.obj
c:\users\manam.desktop-rtrtcm3\onedrive\デスクトップ\git\15hirota\3dlv3_2023_vs2019\project\baseproject\baseproject\release\cnumberfloor1.obj
c:\users\manam.desktop-rtrtcm3\onedrive\デスクトップ\git\15hirota\3dlv3_2023_vs2019\project\baseproject\baseproject\release\cjumpingobject.obj
c:\users\manam.desktop-rtrtcm3\onedrive\デスクトップ\git\15hirota\3dlv3_2023_vs2019\project\baseproject\baseproject\release\cinvincibleobjectbase.obj
c:\users\manam.desktop-rtrtcm3\onedrive\デスクトップ\git\15hirota\3dlv3_2023_vs2019\project\baseproject\baseproject\release\cinvincible.obj
c:\users\manam.desktop-rtrtcm3\onedrive\デスクトップ\git\15hirota\3dlv3_2023_vs2019\project\baseproject\baseproject\release\chatenablock.obj
c:\users\manam.desktop-rtrtcm3\onedrive\デスクトップ\git\15hirota\3dlv3_2023_vs2019\project\baseproject\baseproject\release\cgoalbase.obj
c:\users\manam.desktop-rtrtcm3\onedrive\デスクトップ\git\15hirota\3dlv3_2023_vs2019\project\baseproject\baseproject\release\cgamemenu.obj
c:\users\manam.desktop-rtrtcm3\onedrive\デスクトップ\git\15hirota\3dlv3_2023_vs2019\project\baseproject\baseproject\release\cgamemanager.obj
c:\users\manam.desktop-rtrtcm3\onedrive\デスクトップ\git\15hirota\3dlv3_2023_vs2019\project\baseproject\baseproject\release\cgamecamera.obj
c:\users\manam.desktop-rtrtcm3\onedrive\デスクトップ\git\15hirota\3dlv3_2023_vs2019\project\baseproject\baseproject\release\cunitychan.obj
c:\users\manam.desktop-rtrtcm3\onedrive\デスクトップ\git\15hirota\3dlv3_2023_vs2019\project\baseproject\baseproject\release\cuigauge.obj
c:\users\manam.desktop-rtrtcm3\onedrive\デスクトップ\git\15hirota\3dlv3_2023_vs2019\project\baseproject\baseproject\release\ctitlescene.obj
c:\users\manam.desktop-rtrtcm3\onedrive\デスクトップ\git\15hirota\3dlv3_2023_vs2019\project\baseproject\baseproject\release\cstone1.obj
c:\users\manam.desktop-rtrtcm3\onedrive\デスクトップ\git\15hirota\3dlv3_2023_vs2019\project\baseproject\baseproject\release\cstaminagauge.obj
c:\users\manam.desktop-rtrtcm3\onedrive\デスクトップ\git\15hirota\3dlv3_2023_vs2019\project\baseproject\baseproject\release\csoldiergauge.obj
c:\users\manam.desktop-rtrtcm3\onedrive\デスクトップ\git\15hirota\3dlv3_2023_vs2019\project\baseproject\baseproject\release\csoldierframe.obj
c:\users\manam.desktop-rtrtcm3\onedrive\デスクトップ\git\15hirota\3dlv3_2023_vs2019\project\baseproject\baseproject\release\csoldier.obj
c:\users\manam.desktop-rtrtcm3\onedrive\デスクトップ\git\15hirota\3dlv3_2023_vs2019\project\baseproject\baseproject\release\crotatefloor.obj
c:\users\manam.desktop-rtrtcm3\onedrive\デスクトップ\git\15hirota\3dlv3_2023_vs2019\project\baseproject\baseproject\release\crideabeobject.obj
c:\users\manam.desktop-rtrtcm3\onedrive\デスクトップ\git\15hirota\3dlv3_2023_vs2019\project\baseproject\baseproject\release\cplayer.obj
c:\users\manam.desktop-rtrtcm3\onedrive\デスクトップ\git\15hirota\3dlv3_2023_vs2019\project\baseproject\baseproject\release\cdamageobject.obj
c:\users\manam.desktop-rtrtcm3\onedrive\デスクトップ\git\15hirota\3dlv3_2023_vs2019\project\baseproject\baseproject\release\ckick.obj
c:\users\manam.desktop-rtrtcm3\onedrive\デスクトップ\git\15hirota\3dlv3_2023_vs2019\project\baseproject\baseproject\release\cimage.obj
c:\users\manam.desktop-rtrtcm3\onedrive\デスクトップ\git\15hirota\3dlv3_2023_vs2019\project\baseproject\baseproject\release\charastatus.obj
c:\users\manam.desktop-rtrtcm3\onedrive\デスクトップ\git\15hirota\3dlv3_2023_vs2019\project\baseproject\baseproject\release\cgun.obj
c:\users\manam.desktop-rtrtcm3\onedrive\デスクトップ\git\15hirota\3dlv3_2023_vs2019\project\baseproject\baseproject\release\cgoalobject.obj
c:\users\manam.desktop-rtrtcm3\onedrive\デスクトップ\git\15hirota\3dlv3_2023_vs2019\project\baseproject\baseproject\release\cgamescene.obj
c:\users\manam.desktop-rtrtcm3\onedrive\デスクトップ\git\15hirota\3dlv3_2023_vs2019\project\baseproject\baseproject\release\cgameoverscene.obj
c:\users\manam.desktop-rtrtcm3\onedrive\デスクトップ\git\15hirota\3dlv3_2023_vs2019\project\baseproject\baseproject\release\cfield.obj
c:\users\manam.desktop-rtrtcm3\onedrive\デスクトップ\git\15hirota\3dlv3_2023_vs2019\project\baseproject\baseproject\release\system.obj
c:\users\manam.desktop-rtrtcm3\onedrive\デスクトップ\git\15hirota\3dlv3_2023_vs2019\project\baseproject\baseproject\release\primitive.obj
c:\users\manam.desktop-rtrtcm3\onedrive\デスクトップ\git\15hirota\3dlv3_2023_vs2019\project\baseproject\baseproject\release\cmeasure.obj
c:\users\manam.desktop-rtrtcm3\onedrive\デスクトップ\git\15hirota\3dlv3_2023_vs2019\project\baseproject\baseproject\release\ccoltriangle.obj
c:\users\manam.desktop-rtrtcm3\onedrive\デスクトップ\git\15hirota\3dlv3_2023_vs2019\project\baseproject\baseproject\release\ccolsphere.obj
c:\users\manam.desktop-rtrtcm3\onedrive\デスクトップ\git\15hirota\3dlv3_2023_vs2019\project\baseproject\baseproject\release\ccolquad.obj
c:\users\manam.desktop-rtrtcm3\onedrive\デスクトップ\git\15hirota\3dlv3_2023_vs2019\project\baseproject\baseproject\release\ccollisiontestscene.obj
c:\users\manam.desktop-rtrtcm3\onedrive\デスクトップ\git\15hirota\3dlv3_2023_vs2019\project\baseproject\baseproject\release\ccolline.obj
c:\users\manam.desktop-rtrtcm3\onedrive\デスクトップ\git\15hirota\3dlv3_2023_vs2019\project\baseproject\baseproject\release\ccolbasecpp.obj
c:\users\manam.desktop-rtrtcm3\onedrive\デスクトップ\git\15hirota\3dlv3_2023_vs2019\project\baseproject\baseproject\release\cbootmenuscene.obj
c:\users\manam.desktop-rtrtcm3\onedrive\デスクトップ\git\15hirota\3dlv3_2023_vs2019\project\baseproject\baseproject\release\main.obj
c:\users\manam.desktop-rtrtcm3\onedrive\デスクトップ\git\15hirota\3dlv3_2023_vs2019\project\baseproject\baseproject\release\citemobjectbase.obj
c:\users\manam.desktop-rtrtcm3\onedrive\デスクトップ\git\15hirota\3dlv3_2023_vs2019\project\baseproject\baseproject\release\cdisappearfloor.obj
c:\users\manam.desktop-rtrtcm3\onedrive\デスクトップ\git\15hirota\3dlv3_2023_vs2019\project\baseproject\baseproject\release\cyukarigauge.obj
c:\users\manam.desktop-rtrtcm3\onedrive\デスクトップ\git\15hirota\3dlv3_2023_vs2019\project\baseproject\baseproject\release\cyukariframe.obj
c:\users\manam.desktop-rtrtcm3\onedrive\デスクトップ\git\15hirota\3dlv3_2023_vs2019\project\baseproject\baseproject\release\cmajicsword.obj
c:\users\manam.desktop-rtrtcm3\onedrive\デスクトップ\git\15hirota\3dlv3_2023_vs2019\project\baseproject\baseproject\release\cyukari.obj
c:\users\manam.desktop-rtrtcm3\onedrive\デスクトップ\git\15hirota\3dlv3_2023_vs2019\project\baseproject\baseproject\release\cxcharacter.obj
c:\users\manam.desktop-rtrtcm3\onedrive\デスクトップ\git\15hirota\3dlv3_2023_vs2019\project\baseproject\baseproject\release\cweapon.obj
c:\users\manam.desktop-rtrtcm3\onedrive\デスクトップ\git\15hirota\3dlv3_2023_vs2019\project\baseproject\baseproject\release\baseproject.tlog\cl.command.1.tlog
c:\users\manam.desktop-rtrtcm3\onedrive\デスクトップ\git\15hirota\3dlv3_2023_vs2019\project\baseproject\baseproject\release\baseproject.tlog\cl.read.1.tlog
c:\users\manam.desktop-rtrtcm3\onedrive\デスクトップ\git\15hirota\3dlv3_2023_vs2019\project\baseproject\baseproject\release\baseproject.tlog\cl.write.1.tlog
c:\users\manam.desktop-rtrtcm3\onedrive\デスクトップ\git\15hirota\3dlv3_2023_vs2019\project\baseproject\baseproject\release\baseproject.tlog\link.command.1.tlog
c:\users\manam.desktop-rtrtcm3\onedrive\デスクトップ\git\15hirota\3dlv3_2023_vs2019\project\baseproject\baseproject\release\baseproject.tlog\link.read.1.tlog
c:\users\manam.desktop-rtrtcm3\onedrive\デスクトップ\git\15hirota\3dlv3_2023_vs2019\project\baseproject\baseproject\release\baseproject.tlog\link.write.1.tlog
