  CBGMData.cpp
  CBGMManager.cpp
  CBillBoard.cpp
  CBillBoardImage.cpp
  CBulletEffect.cpp
  CCamera.cpp
  CCollider.cpp
  CColliderLine.cpp
  CColliderMesh.cpp
  CColliderSphere.cpp
  CColliderTriangle.cpp
  CCollisionManager.cpp
  CColor.cpp
  CDebugCamera.cpp
  CDebugInput.cpp
  CDebugPrint.cpp
  CDebugProfiler.cpp
  CDebugTimer.cpp
  CEffect.cpp
  CFade.cpp
  コンパイル中...
  CFont.cpp
  CCharaBase.cpp
  CGamePause.cpp
  CInput.cpp
  CLineEffect.cpp
C:\Users\Manam.DESKTOP-RTRTCM3\OneDrive\デスクトップ\Git\15Hirota\3DLv3_2023_vs2019\Project\BaseProject\BaseProject\src\BaseSystem\CLineEffect.cpp(34,28): warning C4018: '<': signed と unsigned の数値を比較しようとしました。
C:\Users\Manam.DESKTOP-RTRTCM3\OneDrive\デスクトップ\Git\15Hirota\3DLv3_2023_vs2019\Project\BaseProject\BaseProject\src\BaseSystem\CLineEffect.cpp(50,28): warning C4018: '<': signed と unsigned の数値を比較しようとしました。
C:\Users\Manam.DESKTOP-RTRTCM3\OneDrive\デスクトップ\Git\15Hirota\3DLv3_2023_vs2019\Project\BaseProject\BaseProject\src\BaseSystem\CLineEffect.cpp(57,28): warning C4018: '<': signed と unsigned の数値を比較しようとしました。
  CMaterial.cpp
  CMatrix.cpp
  CModel.cpp
C:\Users\Manam.DESKTOP-RTRTCM3\OneDrive\デスクトップ\Git\15Hirota\3DLv3_2023_vs2019\Project\BaseProject\BaseProject\src\BaseSystem\CModel.cpp(294,20): warning C4018: '<': signed と unsigned の数値を比較しようとしました。
C:\Users\Manam.DESKTOP-RTRTCM3\OneDrive\デスクトップ\Git\15Hirota\3DLv3_2023_vs2019\Project\BaseProject\BaseProject\src\BaseSystem\CModel.cpp(312,20): warning C4018: '<': signed と unsigned の数値を比較しようとしました。
C:\Users\Manam.DESKTOP-RTRTCM3\OneDrive\デスクトップ\Git\15Hirota\3DLv3_2023_vs2019\Project\BaseProject\BaseProject\src\BaseSystem\CModel.cpp(391,20): warning C4018: '<': signed と unsigned の数値を比較しようとしました。
C:\Users\Manam.DESKTOP-RTRTCM3\OneDrive\デスクトップ\Git\15Hirota\3DLv3_2023_vs2019\Project\BaseProject\BaseProject\src\BaseSystem\CModel.cpp(393,21): warning C4018: '<': signed と unsigned の数値を比較しようとしました。
  CModelX.cpp
  CMyShader.cpp
  CQuaternion.cpp
C:\Users\Manam.DESKTOP-RTRTCM3\OneDrive\デスクトップ\Git\15Hirota\3DLv3_2023_vs2019\Project\BaseProject\BaseProject\src\BaseSystem\CQuaternion.cpp(130,19): warning C4305: '=': 'double' から 'float' へ切り詰めます。
C:\Users\Manam.DESKTOP-RTRTCM3\OneDrive\デスクトップ\Git\15Hirota\3DLv3_2023_vs2019\Project\BaseProject\BaseProject\src\BaseSystem\CQuaternion.cpp(136,20): warning C4305: '=': 'double' から 'float' へ切り詰めます。
C:\Users\Manam.DESKTOP-RTRTCM3\OneDrive\デスクトップ\Git\15Hirota\3DLv3_2023_vs2019\Project\BaseProject\BaseProject\src\BaseSystem\CQuaternion.cpp(244,43): warning C4305: '引数': 'double' から 'float' へ切り詰めます。
  CRect.cpp
  CResource.cpp
  CResourceManager.cpp
  CSceneBase.cpp
  CSceneManager.cpp
  CShader.cpp
  CSignboardPause.cpp
  CSound.cpp
C:\Users\Manam.DESKTOP-RTRTCM3\OneDrive\デスクトップ\Git\15Hirota\3DLv3_2023_vs2019\Project\BaseProject\BaseProject\src\BaseSystem\CSound.cpp(86,25): warning C4101: 'hr': ローカル変数は 1 度も使われていません。
C:\Users\Manam.DESKTOP-RTRTCM3\OneDrive\デスクトップ\Git\15Hirota\3DLv3_2023_vs2019\Project\BaseProject\BaseProject\src\BaseSystem\CSound.cpp(212,13): warning C4018: '>=': signed と unsigned の数値を比較しようとしました。
C:\Users\Manam.DESKTOP-RTRTCM3\OneDrive\デスクトップ\Git\15Hirota\3DLv3_2023_vs2019\Project\BaseProject\BaseProject\src\BaseSystem\CSound.cpp(252,13): warning C4018: '>=': signed と unsigned の数値を比較しようとしました。
C:\Users\Manam.DESKTOP-RTRTCM3\OneDrive\デスクトップ\Git\15Hirota\3DLv3_2023_vs2019\Project\BaseProject\BaseProject\src\BaseSystem\CSound.cpp(308,27): warning C4018: '>=': signed と unsigned の数値を比較しようとしました。
C:\Users\Manam.DESKTOP-RTRTCM3\OneDrive\デスクトップ\Git\15Hirota\3DLv3_2023_vs2019\Project\BaseProject\BaseProject\src\BaseSystem\CSound.cpp(331,13): warning C4018: '>=': signed と unsigned の数値を比較しようとしました。
C:\Users\Manam.DESKTOP-RTRTCM3\OneDrive\デスクトップ\Git\15Hirota\3DLv3_2023_vs2019\Project\BaseProject\BaseProject\src\BaseSystem\CSound.cpp(365,28): warning C4018: '<': signed と unsigned の数値を比較しようとしました。
  CSoundManager.cpp
  コンパイル中...
  CTask.cpp
  CTaskManager.cpp
  CText.cpp
  CTexture.cpp
  CTextureFont.cpp
  CTrailEffect.cpp
  CTransform.cpp
  CTriangle.cpp
  CUIBase.cpp
  CVector.cpp
  CObjectBase.cpp
  Maths.cpp
  CAppearFloor.cpp
  CApplication.cpp
  CBullet.cpp
  CClearScene.cpp
  CEnemy.cpp
  CEnemyManager.cpp
  CExclamationMark.cpp
  CFallingObjects.cpp
  コンパイル中...
  CGameCamera.cpp
  CGameManager.cpp
  CGameMenu.cpp
C:\Users\Manam.DESKTOP-RTRTCM3\OneDrive\デスクトップ\Git\15Hirota\3DLv3_2023_vs2019\Project\BaseProject\BaseProject\src\Game\CGameMenu.cpp(119,20): warning C4018: '<': signed と unsigned の数値を比較しようとしました。
  CGoalBase.cpp
  CHatenaBlock.cpp
  CInvincible.cpp
  CInvincibleObjectBase.cpp
  CJumpingObject.cpp
C:\Users\Manam.DESKTOP-RTRTCM3\OneDrive\デスクトップ\Git\15Hirota\3DLv3_2023_vs2019\Project\BaseProject\BaseProject\src\Game\CJumpingObject.cpp(7,1): warning C4005: 'DELETE': マクロが再定義されました。
C:\Program Files (x86)\Windows Kits\10\Include\10.0.19041.0\um\winnt.h(8989): message : 'DELETE' の以前の定義を確認してください
  CNumberFloor1.cpp
  CRecoveryObject.cpp
  CRengaBlock.cpp
  CRisingObject.cpp
  CSignboard.cpp
  CSignboardUI.cpp
  CStage1.cpp
  CStage2.cpp
  CStageBase.cpp
  CStageManager.cpp
  CVanguard.cpp
  CWeaponEnemy.cpp
  コンパイル中...
  CField.cpp
  CGameOverScene.cpp
  CGameScene.cpp
  CGoalObject.cpp
  CGun.cpp
  CharaStatus.cpp
  CImage.cpp
  CKick.cpp
  CDamageObject.cpp
  CPlayer.cpp
  CRideabeObject.cpp
  CRotateFloor.cpp
  CSoldier.cpp
  CSoldierFrame.cpp
  CSoldierGauge.cpp
  CStaminaGauge.cpp
  CStone1.cpp
  CTitleScene.cpp
  CUIGauge.cpp
  CUnityChan.cpp
  コンパイル中...
  CWeapon.cpp
  CXCharacter.cpp
  CYukari.cpp
  CMajicSword.cpp
  CYukariFrame.cpp
  CYukariGauge.cpp
  CDisappearFloor.cpp
  CItemObjectBase.cpp
  main.cpp
  CBootMenuScene.cpp
  CColBasecpp.cpp
  CColLine.cpp
  CCollisionTestScene.cpp
  CColQuad.cpp
  CColSphere.cpp
  CColTriangle.cpp
  CMeasure.cpp
  Primitive.cpp
  System.cpp
LINK : fatal error C1047: オブジェクトまたはライブラリ ファイル 'lib\ftgl_static.lib' は、'Release\CBGMData.obj' などの他のオブジェクトとは異なるバージョンのコンパイラで作成されています。同じコンパイラを使用してすべてのオブジェクトとライブラリをリビルドします
LINK : fatal error LNK1257: コードの生成に失敗しました。
