  CBillBoard.cpp
  CCamera.cpp
  CCollider.cpp
  CColliderLine.cpp
  CColliderMesh.cpp
  CColliderSphere.cpp
  CColliderTriangle.cpp
  CCollisionManager.cpp
  CColor.cpp
  CDebugPrint.cpp
  CEffect.cpp
  CFont.cpp
  CCharaBase.cpp
  CInput.cpp
  CMaterial.cpp
  CMatrix.cpp
  CModel.cpp
C:\Users\Manam.DESKTOP-RTRTCM3\OneDrive\デスクトップ\Git\15Hirota\3DLv3_2023_vs2019\Project\BaseProject\BaseProject\src\BaseSystem\CModel.cpp(263,20): warning C4018: '<': signed と unsigned の数値を比較しようとしました。
C:\Users\Manam.DESKTOP-RTRTCM3\OneDrive\デスクトップ\Git\15Hirota\3DLv3_2023_vs2019\Project\BaseProject\BaseProject\src\BaseSystem\CModel.cpp(275,20): warning C4018: '<': signed と unsigned の数値を比較しようとしました。
C:\Users\Manam.DESKTOP-RTRTCM3\OneDrive\デスクトップ\Git\15Hirota\3DLv3_2023_vs2019\Project\BaseProject\BaseProject\src\BaseSystem\CModel.cpp(328,20): warning C4018: '<': signed と unsigned の数値を比較しようとしました。
C:\Users\Manam.DESKTOP-RTRTCM3\OneDrive\デスクトップ\Git\15Hirota\3DLv3_2023_vs2019\Project\BaseProject\BaseProject\src\BaseSystem\CModel.cpp(330,21): warning C4018: '<': signed と unsigned の数値を比較しようとしました。
  CModelX.cpp
  CMyShader.cpp
  CQuaternion.cpp
C:\Users\Manam.DESKTOP-RTRTCM3\OneDrive\デスクトップ\Git\15Hirota\3DLv3_2023_vs2019\Project\BaseProject\BaseProject\src\BaseSystem\CQuaternion.cpp(130,19): warning C4305: '=': 'double' から 'float' へ切り詰めます。
C:\Users\Manam.DESKTOP-RTRTCM3\OneDrive\デスクトップ\Git\15Hirota\3DLv3_2023_vs2019\Project\BaseProject\BaseProject\src\BaseSystem\CQuaternion.cpp(136,20): warning C4305: '=': 'double' から 'float' へ切り詰めます。
C:\Users\Manam.DESKTOP-RTRTCM3\OneDrive\デスクトップ\Git\15Hirota\3DLv3_2023_vs2019\Project\BaseProject\BaseProject\src\BaseSystem\CQuaternion.cpp(233,43): warning C4305: '引数': 'double' から 'float' へ切り詰めます。
  コードを生成中...
  コンパイル中...
  CSceneBase.cpp
  CSceneManager.cpp
  CShader.cpp
  CSound.cpp
  CTask.cpp
  CTaskManager.cpp
  CText.cpp
  CTexture.cpp
  CTextureFont.cpp
  CTransform.cpp
  CTriangle.cpp
  CUIBase.cpp
  CVector.cpp
  CObjectBase.cpp
  Maths.cpp
  CApplication.cpp
  CEnemy.cpp
  CField.cpp
  CGameScene.cpp
  CImage.cpp
  コードを生成中...
C:\Users\Manam.DESKTOP-RTRTCM3\OneDrive\デスクトップ\Git\15Hirota\3DLv3_2023_vs2019\Project\BaseProject\BaseProject\src\Game\CImage.cpp(144): warning C4172: ローカル変数またはテンポラリのアドレスを返します
  コンパイル中...
  CMoveFloor.cpp
  CPlayer.cpp
  CRideabeObject.cpp
  CRotateFloor.cpp
  CTitleScene.cpp
  CXCharacter.cpp
  main.cpp
  コードを生成中...
LINK : warning LNK4098: defaultlib 'MSVCRT' は他のライブラリの使用と競合しています。/NODEFAULTLIB:library を使用してください。
LINK : warning LNK4098: defaultlib 'LIBCMT' は他のライブラリの使用と競合しています。/NODEFAULTLIB:library を使用してください。
LINK : warning LNK4098: defaultlib 'LIBCMTD' は他のライブラリの使用と競合しています。/NODEFAULTLIB:library を使用してください。
ftgl_static_D.lib(FTCharmap.obj) : warning LNK4099: PDB 'ftgl_static_D.pdb' が 'ftgl_static_D.lib(FTCharmap.obj)' で、または 'C:\Users\Manam.DESKTOP-RTRTCM3\OneDrive\デスクトップ\Git\15Hirota\3DLv3_2023_vs2019\Project\BaseProject\Debug\ftgl_static_D.pdb' に見つかりません。デバッグ情報がないものとして、オブジェクトにリンクします。
ftgl_static_D.lib(FTFace.obj) : warning LNK4099: PDB 'ftgl_static_D.pdb' が 'ftgl_static_D.lib(FTFace.obj)' で、または 'C:\Users\Manam.DESKTOP-RTRTCM3\OneDrive\デスクトップ\Git\15Hirota\3DLv3_2023_vs2019\Project\BaseProject\Debug\ftgl_static_D.pdb' に見つかりません。デバッグ情報がないものとして、オブジェクトにリンクします。
ftgl_static_D.lib(FTFont.obj) : warning LNK4099: PDB 'ftgl_static_D.pdb' が 'ftgl_static_D.lib(FTFont.obj)' で、または 'C:\Users\Manam.DESKTOP-RTRTCM3\OneDrive\デスクトップ\Git\15Hirota\3DLv3_2023_vs2019\Project\BaseProject\Debug\ftgl_static_D.pdb' に見つかりません。デバッグ情報がないものとして、オブジェクトにリンクします。
ftgl_static_D.lib(FTPixmapFont.obj) : warning LNK4099: PDB 'ftgl_static_D.pdb' が 'ftgl_static_D.lib(FTPixmapFont.obj)' で、または 'C:\Users\Manam.DESKTOP-RTRTCM3\OneDrive\デスクトップ\Git\15Hirota\3DLv3_2023_vs2019\Project\BaseProject\Debug\ftgl_static_D.pdb' に見つかりません。デバッグ情報がないものとして、オブジェクトにリンクします。
ftgl_static_D.lib(FTGlyphContainer.obj) : warning LNK4099: PDB 'ftgl_static_D.pdb' が 'ftgl_static_D.lib(FTGlyphContainer.obj)' で、または 'C:\Users\Manam.DESKTOP-RTRTCM3\OneDrive\デスクトップ\Git\15Hirota\3DLv3_2023_vs2019\Project\BaseProject\Debug\ftgl_static_D.pdb' に見つかりません。デバッグ情報がないものとして、オブジェクトにリンクします。
ftgl_static_D.lib(FTGlyph.obj) : warning LNK4099: PDB 'ftgl_static_D.pdb' が 'ftgl_static_D.lib(FTGlyph.obj)' で、または 'C:\Users\Manam.DESKTOP-RTRTCM3\OneDrive\デスクトップ\Git\15Hirota\3DLv3_2023_vs2019\Project\BaseProject\Debug\ftgl_static_D.pdb' に見つかりません。デバッグ情報がないものとして、オブジェクトにリンクします。
ftgl_static_D.lib(FTPixmapGlyph.obj) : warning LNK4099: PDB 'ftgl_static_D.pdb' が 'ftgl_static_D.lib(FTPixmapGlyph.obj)' で、または 'C:\Users\Manam.DESKTOP-RTRTCM3\OneDrive\デスクトップ\Git\15Hirota\3DLv3_2023_vs2019\Project\BaseProject\Debug\ftgl_static_D.pdb' に見つかりません。デバッグ情報がないものとして、オブジェクトにリンクします。
ftgl_static_D.lib(FTLayout.obj) : warning LNK4099: PDB 'ftgl_static_D.pdb' が 'ftgl_static_D.lib(FTLayout.obj)' で、または 'C:\Users\Manam.DESKTOP-RTRTCM3\OneDrive\デスクトップ\Git\15Hirota\3DLv3_2023_vs2019\Project\BaseProject\Debug\ftgl_static_D.pdb' に見つかりません。デバッグ情報がないものとして、オブジェクトにリンクします。
ftgl_static_D.lib(FTSimpleLayout.obj) : warning LNK4099: PDB 'ftgl_static_D.pdb' が 'ftgl_static_D.lib(FTSimpleLayout.obj)' で、または 'C:\Users\Manam.DESKTOP-RTRTCM3\OneDrive\デスクトップ\Git\15Hirota\3DLv3_2023_vs2019\Project\BaseProject\Debug\ftgl_static_D.pdb' に見つかりません。デバッグ情報がないものとして、オブジェクトにリンクします。
ftgl_static_D.lib(FTLibrary.obj) : warning LNK4099: PDB 'ftgl_static_D.pdb' が 'ftgl_static_D.lib(FTLibrary.obj)' で、または 'C:\Users\Manam.DESKTOP-RTRTCM3\OneDrive\デスクトップ\Git\15Hirota\3DLv3_2023_vs2019\Project\BaseProject\Debug\ftgl_static_D.pdb' に見つかりません。デバッグ情報がないものとして、オブジェクトにリンクします。
ftgl_static_D.lib(FTSize.obj) : warning LNK4099: PDB 'ftgl_static_D.pdb' が 'ftgl_static_D.lib(FTSize.obj)' で、または 'C:\Users\Manam.DESKTOP-RTRTCM3\OneDrive\デスクトップ\Git\15Hirota\3DLv3_2023_vs2019\Project\BaseProject\Debug\ftgl_static_D.pdb' に見つかりません。デバッグ情報がないものとして、オブジェクトにリンクします。
ftgl_static_D.lib(ftsystem.obj) : warning LNK4099: PDB 'freetyped.pdb' が 'ftgl_static_D.lib(ftsystem.obj)' で、または 'C:\Users\Manam.DESKTOP-RTRTCM3\OneDrive\デスクトップ\Git\15Hirota\3DLv3_2023_vs2019\Project\BaseProject\Debug\freetyped.pdb' に見つかりません。デバッグ情報がないものとして、オブジェクトにリンクします。
ftgl_static_D.lib(ftdebug.obj) : warning LNK4099: PDB 'freetyped.pdb' が 'ftgl_static_D.lib(ftdebug.obj)' で、または 'C:\Users\Manam.DESKTOP-RTRTCM3\OneDrive\デスクトップ\Git\15Hirota\3DLv3_2023_vs2019\Project\BaseProject\Debug\freetyped.pdb' に見つかりません。デバッグ情報がないものとして、オブジェクトにリンクします。
ftgl_static_D.lib(winfnt.obj) : warning LNK4099: PDB 'freetyped.pdb' が 'ftgl_static_D.lib(winfnt.obj)' で、または 'C:\Users\Manam.DESKTOP-RTRTCM3\OneDrive\デスクトップ\Git\15Hirota\3DLv3_2023_vs2019\Project\BaseProject\Debug\freetyped.pdb' に見つかりません。デバッグ情報がないものとして、オブジェクトにリンクします。
ftgl_static_D.lib(type42.obj) : warning LNK4099: PDB 'freetyped.pdb' が 'ftgl_static_D.lib(type42.obj)' で、または 'C:\Users\Manam.DESKTOP-RTRTCM3\OneDrive\デスクトップ\Git\15Hirota\3DLv3_2023_vs2019\Project\BaseProject\Debug\freetyped.pdb' に見つかりません。デバッグ情報がないものとして、オブジェクトにリンクします。
ftgl_static_D.lib(type1.obj) : warning LNK4099: PDB 'freetyped.pdb' が 'ftgl_static_D.lib(type1.obj)' で、または 'C:\Users\Manam.DESKTOP-RTRTCM3\OneDrive\デスクトップ\Git\15Hirota\3DLv3_2023_vs2019\Project\BaseProject\Debug\freetyped.pdb' に見つかりません。デバッグ情報がないものとして、オブジェクトにリンクします。
ftgl_static_D.lib(truetype.obj) : warning LNK4099: PDB 'freetyped.pdb' が 'ftgl_static_D.lib(truetype.obj)' で、または 'C:\Users\Manam.DESKTOP-RTRTCM3\OneDrive\デスクトップ\Git\15Hirota\3DLv3_2023_vs2019\Project\BaseProject\Debug\freetyped.pdb' に見つかりません。デバッグ情報がないものとして、オブジェクトにリンクします。
ftgl_static_D.lib(svg.obj) : warning LNK4099: PDB 'freetyped.pdb' が 'ftgl_static_D.lib(svg.obj)' で、または 'C:\Users\Manam.DESKTOP-RTRTCM3\OneDrive\デスクトップ\Git\15Hirota\3DLv3_2023_vs2019\Project\BaseProject\Debug\freetyped.pdb' に見つかりません。デバッグ情報がないものとして、オブジェクトにリンクします。
ftgl_static_D.lib(sdf.obj) : warning LNK4099: PDB 'freetyped.pdb' が 'ftgl_static_D.lib(sdf.obj)' で、または 'C:\Users\Manam.DESKTOP-RTRTCM3\OneDrive\デスクトップ\Git\15Hirota\3DLv3_2023_vs2019\Project\BaseProject\Debug\freetyped.pdb' に見つかりません。デバッグ情報がないものとして、オブジェクトにリンクします。
ftgl_static_D.lib(smooth.obj) : warning LNK4099: PDB 'freetyped.pdb' が 'ftgl_static_D.lib(smooth.obj)' で、または 'C:\Users\Manam.DESKTOP-RTRTCM3\OneDrive\デスクトップ\Git\15Hirota\3DLv3_2023_vs2019\Project\BaseProject\Debug\freetyped.pdb' に見つかりません。デバッグ情報がないものとして、オブジェクトにリンクします。
ftgl_static_D.lib(sfnt.obj) : warning LNK4099: PDB '' が 'ftgl_static_D.lib(sfnt.obj)' で、または '' に見つかりません。デバッグ情報がないものとして、オブジェクトにリンクします。
ftgl_static_D.lib(raster.obj) : warning LNK4099: PDB 'freetyped.pdb' が 'ftgl_static_D.lib(raster.obj)' で、または 'C:\Users\Manam.DESKTOP-RTRTCM3\OneDrive\デスクトップ\Git\15Hirota\3DLv3_2023_vs2019\Project\BaseProject\Debug\freetyped.pdb' に見つかりません。デバッグ情報がないものとして、オブジェクトにリンクします。
ftgl_static_D.lib(psmodule.obj) : warning LNK4099: PDB 'freetyped.pdb' が 'ftgl_static_D.lib(psmodule.obj)' で、または 'C:\Users\Manam.DESKTOP-RTRTCM3\OneDrive\デスクトップ\Git\15Hirota\3DLv3_2023_vs2019\Project\BaseProject\Debug\freetyped.pdb' に見つかりません。デバッグ情報がないものとして、オブジェクトにリンクします。
ftgl_static_D.lib(pshinter.obj) : warning LNK4099: PDB '' が 'ftgl_static_D.lib(pshinter.obj)' で、または '' に見つかりません。デバッグ情報がないものとして、オブジェクトにリンクします。
ftgl_static_D.lib(psaux.obj) : warning LNK4099: PDB 'freetyped.pdb' が 'ftgl_static_D.lib(psaux.obj)' で、または 'C:\Users\Manam.DESKTOP-RTRTCM3\OneDrive\デスクトップ\Git\15Hirota\3DLv3_2023_vs2019\Project\BaseProject\Debug\freetyped.pdb' に見つかりません。デバッグ情報がないものとして、オブジェクトにリンクします。
ftgl_static_D.lib(pfr.obj) : warning LNK4099: PDB 'freetyped.pdb' が 'ftgl_static_D.lib(pfr.obj)' で、または 'C:\Users\Manam.DESKTOP-RTRTCM3\OneDrive\デスクトップ\Git\15Hirota\3DLv3_2023_vs2019\Project\BaseProject\Debug\freetyped.pdb' に見つかりません。デバッグ情報がないものとして、オブジェクトにリンクします。
ftgl_static_D.lib(pcf.obj) : warning LNK4099: PDB 'freetyped.pdb' が 'ftgl_static_D.lib(pcf.obj)' で、または 'C:\Users\Manam.DESKTOP-RTRTCM3\OneDrive\デスクトップ\Git\15Hirota\3DLv3_2023_vs2019\Project\BaseProject\Debug\freetyped.pdb' に見つかりません。デバッグ情報がないものとして、オブジェクトにリンクします。
ftgl_static_D.lib(ftlzw.obj) : warning LNK4099: PDB 'freetyped.pdb' が 'ftgl_static_D.lib(ftlzw.obj)' で、または 'C:\Users\Manam.DESKTOP-RTRTCM3\OneDrive\デスクトップ\Git\15Hirota\3DLv3_2023_vs2019\Project\BaseProject\Debug\freetyped.pdb' に見つかりません。デバッグ情報がないものとして、オブジェクトにリンクします。
ftgl_static_D.lib(ftgzip.obj) : warning LNK4099: PDB 'freetyped.pdb' が 'ftgl_static_D.lib(ftgzip.obj)' で、または 'C:\Users\Manam.DESKTOP-RTRTCM3\OneDrive\デスクトップ\Git\15Hirota\3DLv3_2023_vs2019\Project\BaseProject\Debug\freetyped.pdb' に見つかりません。デバッグ情報がないものとして、オブジェクトにリンクします。
ftgl_static_D.lib(type1cid.obj) : warning LNK4099: PDB 'freetyped.pdb' が 'ftgl_static_D.lib(type1cid.obj)' で、または 'C:\Users\Manam.DESKTOP-RTRTCM3\OneDrive\デスクトップ\Git\15Hirota\3DLv3_2023_vs2019\Project\BaseProject\Debug\freetyped.pdb' に見つかりません。デバッグ情報がないものとして、オブジェクトにリンクします。
ftgl_static_D.lib(cff.obj) : warning LNK4099: PDB 'freetyped.pdb' が 'ftgl_static_D.lib(cff.obj)' で、または 'C:\Users\Manam.DESKTOP-RTRTCM3\OneDrive\デスクトップ\Git\15Hirota\3DLv3_2023_vs2019\Project\BaseProject\Debug\freetyped.pdb' に見つかりません。デバッグ情報がないものとして、オブジェクトにリンクします。
ftgl_static_D.lib(bdf.obj) : warning LNK4099: PDB 'freetyped.pdb' が 'ftgl_static_D.lib(bdf.obj)' で、または 'C:\Users\Manam.DESKTOP-RTRTCM3\OneDrive\デスクトップ\Git\15Hirota\3DLv3_2023_vs2019\Project\BaseProject\Debug\freetyped.pdb' に見つかりません。デバッグ情報がないものとして、オブジェクトにリンクします。
ftgl_static_D.lib(ftmm.obj) : warning LNK4099: PDB 'freetyped.pdb' が 'ftgl_static_D.lib(ftmm.obj)' で、または 'C:\Users\Manam.DESKTOP-RTRTCM3\OneDrive\デスクトップ\Git\15Hirota\3DLv3_2023_vs2019\Project\BaseProject\Debug\freetyped.pdb' に見つかりません。デバッグ情報がないものとして、オブジェクトにリンクします。
ftgl_static_D.lib(ftinit.obj) : warning LNK4099: PDB 'freetyped.pdb' が 'ftgl_static_D.lib(ftinit.obj)' で、または 'C:\Users\Manam.DESKTOP-RTRTCM3\OneDrive\デスクトップ\Git\15Hirota\3DLv3_2023_vs2019\Project\BaseProject\Debug\freetyped.pdb' に見つかりません。デバッグ情報がないものとして、オブジェクトにリンクします。
ftgl_static_D.lib(ftbitmap.obj) : warning LNK4099: PDB 'freetyped.pdb' が 'ftgl_static_D.lib(ftbitmap.obj)' で、または 'C:\Users\Manam.DESKTOP-RTRTCM3\OneDrive\デスクトップ\Git\15Hirota\3DLv3_2023_vs2019\Project\BaseProject\Debug\freetyped.pdb' に見つかりません。デバッグ情報がないものとして、オブジェクトにリンクします。
ftgl_static_D.lib(ftbase.obj) : warning LNK4099: PDB 'freetyped.pdb' が 'ftgl_static_D.lib(ftbase.obj)' で、または 'C:\Users\Manam.DESKTOP-RTRTCM3\OneDrive\デスクトップ\Git\15Hirota\3DLv3_2023_vs2019\Project\BaseProject\Debug\freetyped.pdb' に見つかりません。デバッグ情報がないものとして、オブジェクトにリンクします。
ftgl_static_D.lib(autofit.obj) : warning LNK4099: PDB 'freetyped.pdb' が 'ftgl_static_D.lib(autofit.obj)' で、または 'C:\Users\Manam.DESKTOP-RTRTCM3\OneDrive\デスクトップ\Git\15Hirota\3DLv3_2023_vs2019\Project\BaseProject\Debug\freetyped.pdb' に見つかりません。デバッグ情報がないものとして、オブジェクトにリンクします。
  BaseProject.vcxproj -> C:\Users\Manam.DESKTOP-RTRTCM3\OneDrive\デスクトップ\Git\15Hirota\3DLv3_2023_vs2019\Project\BaseProject\Debug\BaseProject.exe
